
[1;37m[ Lynis 2.5.0 ][0;39m

################################################################################
  Lynis comes with ABSOLUTELY NO WARRANTY. This is free software, and you are
  welcome to redistribute it under the terms of the GNU General Public License.
  See the LICENSE file for details about using this software.

  2007-2017, CISOfy - https://cisofy.com/lynis/
  Enterprise support available (compliance, plugins, interface and tools)
################################################################################


[+] [1;33mInitializing program[0;39m
------------------------------------
[2C- Detecting OS... [41C [ [1;32mDONE[0;39m ]
[2C- Checking profiles...[37C [ [1;32mDONE[0;39m ]

  ---------------------------------------------------
  Program version:           2.5.0
  Operating system:          Linux
  Operating system name:     Ubuntu Linux
  Operating system version:  16.04
  Kernel version:            4.4.0
  Hardware platform:         x86_64
  Hostname:                  ubuntu-xenial
  ---------------------------------------------------
  Profiles:                  /usr/local/lynis/default.prf
  Log file:                  /var/log/lynis.log
  Report file:               /var/log/lynis-report.dat
  Report version:            1.0
  Plugin directory:          /usr/local/lynis/plugins
  ---------------------------------------------------
  Auditor:                   [Not Specified]
  Test category:             all
  Test group:                all
  ---------------------------------------------------
[2C- Program update status... [32C [ [1;32mNO UPDATE[0;39m ]

[+] [1;33mSystem Tools[0;39m
------------------------------------
[2C- Scanning available tools...[30C
[2C- Checking system binaries...[30C

[+] [1;35mPlugins (phase 1)[0;39m
------------------------------------
[0CNote: plugins have more extensive tests and may take several minutes to complete[0C
[0C [0C
[2C- [0;36mPlugin[0;39m: [1;37mpam[0;39m[18C
    [..]
[2C- [0;36mPlugin[0;39m: [1;37msystemd[0;39m[14C
    [................]

[+] [1;33mBoot and services[0;39m
------------------------------------
[2C- Service Manager[42C [ [1;32msystemd[0;39m ]
[2C- Checking UEFI boot[39C [ [1;37mDISABLED[0;39m ]
[2C- Checking presence GRUB[35C [ [1;32mOK[0;39m ]
[2C- Checking presence GRUB2[34C [ [1;32mFOUND[0;39m ]
[4C- Checking for password protection[23C [ [1;31mWARNING[0;39m ]
[2C- Check running services (systemctl)[23C [ [1;32mDONE[0;39m ]
[8CResult: found 21 running services[20C
[2C- Check enabled services at boot (systemctl)[15C [ [1;32mDONE[0;39m ]
[8CResult: found 31 enabled services[20C
[2C- Check startup files (permissions)[24C [ [1;32mOK[0;39m ]

[+] [1;33mKernel[0;39m
------------------------------------
[2C- Checking default run level[31C [ [1;32mRUNLEVEL 5[0;39m ]
[2C- Checking CPU support (NX/PAE)[28C
[4CCPU support: PAE and/or NoeXecute supported[14C [ [1;32mFOUND[0;39m ]
[2C- Checking kernel version and release[22C [ [1;32mDONE[0;39m ]
[2C- Checking kernel type[37C [ [1;32mDONE[0;39m ]
[2C- Checking loaded kernel modules[27C [ [1;32mDONE[0;39m ]
[6CFound 52 active modules[32C
[2C- Checking Linux kernel configuration file[17C [ [1;32mFOUND[0;39m ]
[2C- Checking default I/O kernel scheduler[20C [ [1;32mFOUND[0;39m ]
[2C- Checking for available kernel update[21C [ [1;32mOK[0;39m ]
[2C- Checking core dumps configuration[24C [ [1;32mDISABLED[0;39m ]
[4C- Checking setuid core dumps configuration[15C [ [1;32mPROTECTED[0;39m ]
[2C- Check if reboot is needed[32C [ [1;32mNO[0;39m ]

[+] [1;33mMemory and Processes[0;39m
------------------------------------
[2C- Checking /proc/meminfo[35C [ [1;32mFOUND[0;39m ]
[2C- Searching for dead/zombie processes[22C [ [1;32mOK[0;39m ]
[2C- Searching for IO waiting processes[23C [ [1;32mOK[0;39m ]

[+] [1;33mUsers, Groups and Authentication[0;39m
------------------------------------
[2C- Administrator accounts[35C [ [1;32mOK[0;39m ]
[2C- Unique UIDs[46C [ [1;32mOK[0;39m ]
[2C- Consistency of group files (grpck)[23C [ [1;32mOK[0;39m ]
[2C- Unique group IDs[41C [ [1;32mOK[0;39m ]
[2C- Unique group names[39C [ [1;32mOK[0;39m ]
[2C- Password file consistency[32C [ [1;32mOK[0;39m ]
[2C- Query system users (non daemons)[25C [ [1;32mDONE[0;39m ]
[2C- NIS+ authentication support[30C [ [1;37mNOT ENABLED[0;39m ]
[2C- NIS authentication support[31C [ [1;37mNOT ENABLED[0;39m ]
[2C- sudoers file[45C [ [1;32mFOUND[0;39m ]
[4C- Check sudoers file permissions[25C [ [1;32mOK[0;39m ]
[2C- PAM password strength tools[30C [ [1;33mSUGGESTION[0;39m ]
[2C- PAM configuration files (pam.conf)[23C [ [1;32mFOUND[0;39m ]
[2C- PAM configuration files (pam.d)[26C [ [1;32mFOUND[0;39m ]
[2C- PAM modules[46C [ [1;32mFOUND[0;39m ]
[2C- LDAP module in PAM[39C [ [1;37mNOT FOUND[0;39m ]
[2C- Accounts without expire date[29C [ [1;32mOK[0;39m ]
[2C- Accounts without password[32C [ [1;32mOK[0;39m ]
[2C- Checking user password aging (minimum)[19C [ [1;33mDISABLED[0;39m ]
[2C- User password aging (maximum)[28C [ [1;33mDISABLED[0;39m ]
[2C- Checking expired passwords[31C [ [1;32mOK[0;39m ]
[2C- Checking Linux single user mode authentication[11C [ [1;32mOK[0;39m ]
[2C- Determining default umask[32C
[4C- umask (/etc/profile)[35C [ [1;33mNOT FOUND[0;39m ]
[4C- umask (/etc/login.defs)[32C [ [1;33mSUGGESTION[0;39m ]
[4C- umask (/etc/init.d/rc)[33C [ [1;33mSUGGESTION[0;39m ]
[2C- LDAP authentication support[30C [ [1;37mNOT ENABLED[0;39m ]
[2C- Logging failed login attempts[28C [ [1;32mENABLED[0;39m ]

[+] [1;33mShells[0;39m
------------------------------------
[2C- Checking shells from /etc/shells[25C
[4CResult: found 6 shells (valid shells: 6).[16C
[4C- Session timeout settings/tools[25C [ [1;33mNONE[0;39m ]
[2C- Checking default umask values[28C
[4C- Checking default umask in /etc/bash.bashrc[13C [ [1;33mNONE[0;39m ]
[4C- Checking default umask in /etc/profile[17C [ [1;33mNONE[0;39m ]

[+] [1;33mFile systems[0;39m
------------------------------------
[2C- Checking mount points[36C
[4C- Checking /home mount point[29C [ [1;33mSUGGESTION[0;39m ]
[4C- Checking /tmp mount point[30C [ [1;33mSUGGESTION[0;39m ]
[4C- Checking /var mount point[30C [ [1;32mOK[0;39m ]
[2C- Query swap partitions (fstab)[28C [ [1;33mNONE[0;39m ]
[2C- Testing swap partitions[34C [ [1;32mOK[0;39m ]
[2C- Testing /proc mount (hidepid)[28C [ [1;33mSUGGESTION[0;39m ]
[2C- Checking for old files in /tmp[27C [ [1;32mOK[0;39m ]
[2C- Checking /tmp sticky bit[33C [ [1;32mOK[0;39m ]
[2C- ACL support root file system[29C [ [1;32mENABLED[0;39m ]
[2C- Mount options of /[39C [ [1;32mOK[0;39m ]
[2C- Checking Locate database[33C [ [1;32mFOUND[0;39m ]
[2C- Disable kernel support of some filesystems[15C
[4C- Discovered kernel modules: udf [24C

[+] [1;33mStorage[0;39m
------------------------------------
[2C- Checking usb-storage driver (modprobe config)[12C [ [1;37mNOT DISABLED[0;39m ]
[2C- Checking USB devices authorization[23C [ [1;32mDISABLED[0;39m ]
[2C- Checking firewire ohci driver (modprobe config)[10C [ [1;32mDISABLED[0;39m ]

[+] [1;33mNFS[0;39m
------------------------------------
[2C- Check running NFS daemon[33C [ [1;37mNOT FOUND[0;39m ]

[+] [1;33mName services[0;39m
------------------------------------
[2C- Checking search domains[34C [ [1;32mFOUND[0;39m ]
[2C- Searching DNS domain name[32C [ [1;32mFOUND[0;39m ]
[6CDomain name: localdomain[31C
[2C- Checking /etc/hosts[38C
[4C- Checking /etc/hosts (duplicates)[23C [ [1;32mOK[0;39m ]
[4C- Checking /etc/hosts (hostname)[25C [ [1;32mOK[0;39m ]
[4C- Checking /etc/hosts (localhost)[24C [ [1;32mOK[0;39m ]
[4C- Checking /etc/hosts (localhost to IP)[18C [ [1;32mOK[0;39m ]

[+] [1;33mPorts and packages[0;39m
------------------------------------
[2C- Searching package managers[31C
[4C- Searching dpkg package manager[25C [ [1;32mFOUND[0;39m ]
[6C- Querying package manager[29C
[4C- Query unpurged packages[32C [ [1;32mNONE[0;39m ]
[2C- Checking security repository in sources.list file[8C [ [1;32mOK[0;39m ]
[2C- Checking APT package database[28C [ [1;32mOK[0;39m ]
[2C- Checking vulnerable packages[29C [ [1;31mWARNING[0;39m ]
[2C- Checking upgradeable packages[28C [ [1;37mSKIPPED[0;39m ]
[2C- Checking package audit tool[30C [ [1;32mINSTALLED[0;39m ]
[4CFound: apt-get[43C

[+] [1;33mNetworking[0;39m
------------------------------------
[2C- Checking IPv6 configuration[30C [ [1;37mENABLED[0;39m ]
[6CConfiguration method[35C [ [1;37mAUTO[0;39m ]
[6CIPv6 only[46C [ [1;37mNO[0;39m ]
[2C- Checking configured nameservers[26C
[4C- Testing nameservers[36C
[8CNameserver: 10.0.2.3[33C [ [1;32mOK[0;39m ]
[4C- Minimal of 2 responsive nameservers[20C [ [1;31mWARNING[0;39m ]
[2C- Checking default gateway[33C [ [1;32mDONE[0;39m ]
[2C- Getting listening ports (TCP/UDP)[24C [ [1;32mDONE[0;39m ]
[6C* Found 3 ports[40C
[2C- Checking promiscuous interfaces[26C [ [1;32mOK[0;39m ]
[2C- Checking waiting connections[29C [ [1;32mOK[0;39m ]
[2C- Checking status DHCP client[30C [ [1;37mRUNNING[0;39m ]
[2C- Checking for ARP monitoring software[21C [ [1;33mNOT FOUND[0;39m ]

[+] [1;33mPrinters and Spools[0;39m
------------------------------------
[2C- Checking cups daemon[37C [ [1;37mNOT FOUND[0;39m ]
[2C- Checking lp daemon[39C [ [1;37mNOT RUNNING[0;39m ]

[+] [1;33mSoftware: e-mail and messaging[0;39m
------------------------------------

[+] [1;33mSoftware: firewalls[0;39m
------------------------------------
[2C- Checking iptables kernel module[26C [ [1;37mNOT FOUND[0;39m ]
[2C- Checking host based firewall[29C [ [1;33mNOT ACTIVE[0;39m ]

[+] [1;33mSoftware: webserver[0;39m
------------------------------------
[2C- Checking Apache[42C [ [1;37mNOT FOUND[0;39m ]
[2C- Checking nginx[43C [ [1;37mNOT FOUND[0;39m ]

[+] [1;33mSSH Support[0;39m
------------------------------------
[2C- Checking running SSH daemon[30C [ [1;32mFOUND[0;39m ]
[4C- Searching SSH configuration[28C [ [1;32mFOUND[0;39m ]
[4C- SSH option: AllowTcpForwarding[25C [ [1;32mOK[0;39m ]
[4C- SSH option: ClientAliveCountMax[24C [ [1;32mOK[0;39m ]
[4C- SSH option: ClientAliveInterval[24C [ [1;32mOK[0;39m ]
[4C- SSH option: Compression[32C [ [1;32mOK[0;39m ]
[4C- SSH option: FingerprintHash[28C [ [1;32mOK[0;39m ]
[4C- SSH option: GatewayPorts[31C [ [1;32mOK[0;39m ]
[4C- SSH option: IgnoreRhosts[31C [ [1;32mOK[0;39m ]
[4C- SSH option: LoginGraceTime[29C [ [1;32mOK[0;39m ]
[4C- SSH option: LogLevel[35C [ [1;32mOK[0;39m ]
[4C- SSH option: MaxAuthTries[31C [ [1;32mOK[0;39m ]
[4C- SSH option: MaxSessions[32C [ [1;32mOK[0;39m ]
[4C- SSH option: PermitRootLogin[28C [ [1;32mOK[0;39m ]
[4C- SSH option: PermitUserEnvironment[22C [ [1;32mOK[0;39m ]
[4C- SSH option: PermitTunnel[31C [ [1;32mOK[0;39m ]
[4C- SSH option: Port[39C [ [1;33mSUGGESTION[0;39m ]
[4C- SSH option: PrintLastLog[31C [ [1;32mOK[0;39m ]
[4C- SSH option: Protocol[35C [ [1;32mOK[0;39m ]
[4C- SSH option: StrictModes[32C [ [1;32mOK[0;39m ]
[4C- SSH option: TCPKeepAlive[31C [ [1;33mSUGGESTION[0;39m ]
[4C- SSH option: UseDNS[37C [ [1;32mOK[0;39m ]
[4C- SSH option: UsePrivilegeSeparation[21C [ [1;32mOK[0;39m ]
[4C- SSH option: VerifyReverseMapping[23C [ [1;37mNOT FOUND[0;39m ]
[4C- SSH option: X11Forwarding[30C [ [1;32mOK[0;39m ]
[4C- SSH option: AllowAgentForwarding[23C [ [1;32mOK[0;39m ]
[4C- SSH option: AllowUsers[33C [ [1;32mFOUND[0;39m ]
[4C- SSH option: AllowGroups[32C [ [1;37mNOT FOUND[0;39m ]

[+] [1;33mSNMP Support[0;39m
------------------------------------
[2C- Checking running SNMP daemon[29C [ [1;37mNOT FOUND[0;39m ]

[+] [1;33mDatabases[0;39m
------------------------------------
[4CNo database engines found[32C

[+] [1;33mLDAP Services[0;39m
------------------------------------
[2C- Checking OpenLDAP instance[31C [ [1;37mNOT FOUND[0;39m ]

[+] [1;33mPHP[0;39m
------------------------------------
[2C- Checking PHP[45C [ [1;37mNOT FOUND[0;39m ]

[+] [1;33mSquid Support[0;39m
------------------------------------
[2C- Checking running Squid daemon[28C [ [1;37mNOT FOUND[0;39m ]

[+] [1;33mLogging and files[0;39m
------------------------------------
[2C- Checking for a running log daemon[24C [ [1;32mOK[0;39m ]
[4C- Checking Syslog-NG status[30C [ [1;37mNOT FOUND[0;39m ]
[4C- Checking systemd journal status[24C [ [1;32mFOUND[0;39m ]
[4C- Checking Metalog status[32C [ [1;37mNOT FOUND[0;39m ]
[4C- Checking RSyslog status[32C [ [1;32mFOUND[0;39m ]
[4C- Checking RFC 3195 daemon status[24C [ [1;37mNOT FOUND[0;39m ]
[4C- Checking minilogd instances[28C [ [1;37mNOT FOUND[0;39m ]
[2C- Checking logrotate presence[30C [ [1;32mOK[0;39m ]
[2C- Checking log directories (static list)[19C [ [1;32mDONE[0;39m ]
[2C- Checking open log files[34C [ [1;32mDONE[0;39m ]
[2C- Checking deleted files in use[28C [ [1;32mDONE[0;39m ]

[+] [1;33mInsecure services[0;39m
------------------------------------
[2C- Checking inetd status[36C [ [1;32mNOT ACTIVE[0;39m ]

[+] [1;33mBanners and identification[0;39m
------------------------------------
[2C- /etc/issue[47C [ [1;32mFOUND[0;39m ]
[4C- /etc/issue contents[36C [ [1;33mWEAK[0;39m ]
[2C- /etc/issue.net[43C [ [1;32mFOUND[0;39m ]
[4C- /etc/issue.net contents[32C [ [1;33mWEAK[0;39m ]

[+] [1;33mScheduled tasks[0;39m
------------------------------------
[2C- Checking crontab/cronjob[33C [ [1;32mDONE[0;39m ]
[2C- Checking atd status[38C [ [1;32mRUNNING[0;39m ]
[4C- Checking at users[38C [ [1;32mDONE[0;39m ]
[4C- Checking at jobs[39C [ [1;32mNONE[0;39m ]

[+] [1;33mAccounting[0;39m
------------------------------------
[2C- Checking accounting information[26C [ [1;33mNOT FOUND[0;39m ]
[2C- Checking sysstat accounting data[25C [ [1;33mNOT FOUND[0;39m ]
[2C- Checking auditd[42C [ [1;37mNOT FOUND[0;39m ]

[+] [1;33mTime and Synchronization[0;39m
------------------------------------

[+] [1;33mCryptography[0;39m
------------------------------------
[2C- Checking for expired SSL certificates[20C [ [1;32mNONE[0;39m ]

[+] [1;33mVirtualization[0;39m
------------------------------------

[+] [1;33mContainers[0;39m
------------------------------------

[+] [1;33mSecurity frameworks[0;39m
------------------------------------
[2C- Checking presence AppArmor[31C [ [1;32mFOUND[0;39m ]
[4C- Checking AppArmor status[31C [ [1;32mENABLED[0;39m ]
[2C- Checking presence SELinux[32C [ [1;37mNOT FOUND[0;39m ]
[2C- Checking presence grsecurity[29C [ [1;37mNOT FOUND[0;39m ]
[2C- Checking for implemented MAC framework[19C [ [1;32mOK[0;39m ]

[+] [1;33mSoftware: file integrity[0;39m
------------------------------------
[2C- Checking file integrity tools[28C
[2C- Checking presence integrity tool[25C [ [1;33mNOT FOUND[0;39m ]

[+] [1;33mSoftware: System tooling[0;39m
------------------------------------
[2C- Checking automation tooling[30C
[2C- Automation tooling[39C [ [1;33mNOT FOUND[0;39m ]
[2C- Checking for IDS/IPS tooling[29C [ [1;33mNONE[0;39m ]

[+] [1;33mSoftware: Malware[0;39m
------------------------------------

[+] [1;33mFile Permissions[0;39m
------------------------------------
[2C- Starting file permissions check[26C
[4C/root/.ssh[47C [ [1;32mOK[0;39m ]

[+] [1;33mHome directories[0;39m
------------------------------------
[2C- Checking shell history files[29C [ [1;32mOK[0;39m ]

[+] [1;33mKernel Hardening[0;39m
------------------------------------
[2C- Comparing sysctl key pairs with scan profile[13C
[4C- kernel.core_uses_pid (exp: 1)[26C [ [1;31mDIFFERENT[0;39m ]
[4C- kernel.ctrl-alt-del (exp: 0)[27C [ [1;32mOK[0;39m ]
[4C- kernel.kptr_restrict (exp: 2)[26C [ [1;31mDIFFERENT[0;39m ]
[4C- kernel.randomize_va_space (exp: 2)[21C [ [1;32mOK[0;39m ]
[4C- kernel.sysrq (exp: 0)[34C [ [1;31mDIFFERENT[0;39m ]
[4C- net.ipv4.conf.all.accept_redirects (exp: 0)[12C [ [1;31mDIFFERENT[0;39m ]
[4C- net.ipv4.conf.all.accept_source_route (exp: 0)[9C [ [1;32mOK[0;39m ]
[4C- net.ipv4.conf.all.bootp_relay (exp: 0)[17C [ [1;32mOK[0;39m ]
[4C- net.ipv4.conf.all.forwarding (exp: 0)[18C [ [1;32mOK[0;39m ]
[4C- net.ipv4.conf.all.log_martians (exp: 1)[16C [ [1;31mDIFFERENT[0;39m ]
[4C- net.ipv4.conf.all.mc_forwarding (exp: 0)[15C [ [1;32mOK[0;39m ]
[4C- net.ipv4.conf.all.proxy_arp (exp: 0)[19C [ [1;32mOK[0;39m ]
[4C- net.ipv4.conf.all.rp_filter (exp: 1)[19C [ [1;32mOK[0;39m ]
[4C- net.ipv4.conf.all.send_redirects (exp: 0)[14C [ [1;31mDIFFERENT[0;39m ]
[4C- net.ipv4.conf.default.accept_redirects (exp: 0)[8C [ [1;31mDIFFERENT[0;39m ]
[4C- net.ipv4.conf.default.accept_source_route (exp: 0)[5C [ [1;31mDIFFERENT[0;39m ]
[4C- net.ipv4.conf.default.log_martians (exp: 1)[12C [ [1;31mDIFFERENT[0;39m ]
[4C- net.ipv4.icmp_echo_ignore_broadcasts (exp: 1)[10C [ [1;32mOK[0;39m ]
[4C- net.ipv4.icmp_ignore_bogus_error_responses (exp: 1)[4C [ [1;32mOK[0;39m ]
[4C- net.ipv4.tcp_syncookies (exp: 1)[23C [ [1;32mOK[0;39m ]
[4C- net.ipv4.tcp_timestamps (exp: 0)[23C [ [1;31mDIFFERENT[0;39m ]
[4C- net.ipv6.conf.all.accept_redirects (exp: 0)[12C [ [1;31mDIFFERENT[0;39m ]
[4C- net.ipv6.conf.all.accept_source_route (exp: 0)[9C [ [1;32mOK[0;39m ]
[4C- net.ipv6.conf.default.accept_redirects (exp: 0)[8C [ [1;31mDIFFERENT[0;39m ]
[4C- net.ipv6.conf.default.accept_source_route (exp: 0)[5C [ [1;32mOK[0;39m ]

[+] [1;33mHardening[0;39m
------------------------------------
[4C- Installed compiler(s)[34C [ [1;32mNOT FOUND[0;39m ]
[4C- Installed malware scanner[30C [ [1;31mNOT FOUND[0;39m ]
[4C- Installed malware scanner[30C [ [1;31mNOT FOUND[0;39m ]

[+] [1;33mCustom Tests[0;39m
------------------------------------
[2C- Running custom tests... [33C [ [1;37mNONE[0;39m ]

[+] [1;35mPlugins (phase 2)[0;39m
------------------------------------
[2C- Plugins (phase 2)[40C [ [1;32mDONE[0;39m ]

================================================================================

  -[ [1;37mLynis 2.5.0 Results[0;39m ]-

  [1;31mWarnings[0;39m (2):
  [1;37m----------------------------[0;39m
  [1;31m![0;39m Found one or more vulnerable packages. [PKGS-7392] 
      https://cisofy.com/controls/PKGS-7392/

  [1;31m![0;39m Couldn't find 2 responsive nameservers [NETW-2705] 
      https://cisofy.com/controls/NETW-2705/

  [1;33mSuggestions[0;39m (26):
  [1;37m----------------------------[0;39m
  [1;33m*[0;39m Set a password on GRUB bootloader to prevent altering boot configuration (e.g. boot in single user mode without password) [BOOT-5122] 
      [0;37mhttps://cisofy.com/controls/BOOT-5122/[0;39m

  [1;33m*[0;39m Install a PAM module for password strength testing like pam_cracklib or pam_passwdqc [AUTH-9262] 
      [0;37mhttps://cisofy.com/controls/AUTH-9262/[0;39m

  [1;33m*[0;39m Configure minimum password age in /etc/login.defs [AUTH-9286] 
      [0;37mhttps://cisofy.com/controls/AUTH-9286/[0;39m

  [1;33m*[0;39m Configure maximum password age in /etc/login.defs [AUTH-9286] 
      [0;37mhttps://cisofy.com/controls/AUTH-9286/[0;39m

  [1;33m*[0;39m Default umask in /etc/login.defs could be more strict like 027 [AUTH-9328] 
      [0;37mhttps://cisofy.com/controls/AUTH-9328/[0;39m

  [1;33m*[0;39m Default umask in /etc/init.d/rc could be more strict like 027 [AUTH-9328] 
      [0;37mhttps://cisofy.com/controls/AUTH-9328/[0;39m

  [1;33m*[0;39m To decrease the impact of a full /home file system, place /home on a separated partition [FILE-6310] 
      [0;37mhttps://cisofy.com/controls/FILE-6310/[0;39m

  [1;33m*[0;39m To decrease the impact of a full /tmp file system, place /tmp on a separated partition [FILE-6310] 
      [0;37mhttps://cisofy.com/controls/FILE-6310/[0;39m

  [1;33m*[0;39m Disable drivers like USB storage when not used, to prevent unauthorized storage or data theft [STRG-1840] 
      [0;37mhttps://cisofy.com/controls/STRG-1840/[0;39m

  [1;33m*[0;39m Install debsums utility for the verification of packages with known good database. [PKGS-7370] 
      [0;37mhttps://cisofy.com/controls/PKGS-7370/[0;39m

  [1;33m*[0;39m Update your system with apt-get update, apt-get upgrade, apt-get dist-upgrade and/or unattended-upgrades [PKGS-7392] 
      [0;37mhttps://cisofy.com/controls/PKGS-7392/[0;39m

  [1;33m*[0;39m Install package apt-show-versions for patch management purposes [PKGS-7394] 
      [0;37mhttps://cisofy.com/controls/PKGS-7394/[0;39m

  [1;33m*[0;39m Check your resolv.conf file and fill in a backup nameserver if possible [NETW-2705] 
      [0;37mhttps://cisofy.com/controls/NETW-2705/[0;39m

  [1;33m*[0;39m Consider running ARP monitoring software (arpwatch,arpon) [NETW-3032] 
      [0;37mhttps://cisofy.com/controls/NETW-3032/[0;39m

  [1;33m*[0;39m Configure a firewall/packet filter to filter incoming and outgoing traffic [FIRE-4590] 
      [0;37mhttps://cisofy.com/controls/FIRE-4590/[0;39m

  [1;33m*[0;39m Consider hardening SSH configuration [SSH-7408] 
    - Details  : [0;36mPort (22 --> )[0;39m
      [0;37mhttps://cisofy.com/controls/SSH-7408/[0;39m

  [1;33m*[0;39m Consider hardening SSH configuration [SSH-7408] 
    - Details  : [0;36mTCPKeepAlive (YES --> NO)[0;39m
      [0;37mhttps://cisofy.com/controls/SSH-7408/[0;39m

  [1;33m*[0;39m Add a legal banner to /etc/issue, to warn unauthorized users [BANN-7126] 
      [0;37mhttps://cisofy.com/controls/BANN-7126/[0;39m

  [1;33m*[0;39m Add legal banner to /etc/issue.net, to warn unauthorized users [BANN-7130] 
      [0;37mhttps://cisofy.com/controls/BANN-7130/[0;39m

  [1;33m*[0;39m Enable process accounting [ACCT-9622] 
      [0;37mhttps://cisofy.com/controls/ACCT-9622/[0;39m

  [1;33m*[0;39m Enable sysstat to collect accounting (no results) [ACCT-9626] 
      [0;37mhttps://cisofy.com/controls/ACCT-9626/[0;39m

  [1;33m*[0;39m Enable auditd to collect audit information [ACCT-9628] 
      [0;37mhttps://cisofy.com/controls/ACCT-9628/[0;39m

  [1;33m*[0;39m Install a file integrity tool to monitor changes to critical and sensitive files [FINT-4350] 
      [0;37mhttps://cisofy.com/controls/FINT-4350/[0;39m

  [1;33m*[0;39m Determine if automation tools are present for system management [TOOL-5002] 
      [0;37mhttps://cisofy.com/controls/TOOL-5002/[0;39m

  [1;33m*[0;39m One or more sysctl values differ from the scan profile and could be tweaked [KRNL-6000] 
      [0;37mhttps://cisofy.com/controls/KRNL-6000/[0;39m

  [1;33m*[0;39m Harden the system by installing at least one malware scanner, to perform periodic file system scans [HRDN-7230] 
    - Solution : Install a tool like rkhunter, chkrootkit, OSSEC
      [0;37mhttps://cisofy.com/controls/HRDN-7230/[0;39m

  [0;36mFollow-up[0;39m:
  [1;37m----------------------------[0;39m
  [1;37m-[0;39m Show details of a test (lynis show details TEST-ID)
  [1;37m-[0;39m Check the logfile for all details (less /var/log/lynis.log)
  [1;37m-[0;39m Read security controls texts (https://cisofy.com)
  [1;37m-[0;39m Use --upload to upload data to central system (Lynis Enterprise users)

================================================================================

  [1;37mLynis security scan details[0;39m:

  [0;36mHardening index[0;39m : [1;37m69[0;39m [[1;33m#############[0;39m       ]
  [0;36mTests performed[0;39m : [1;37m219[0;39m
  [0;36mPlugins enabled[0;39m : [1;37m2[0;39m

  [1;37mComponents[0;39m:
  - Firewall               [[1;31mX[0;39m]
  - Malware scanner        [[1;31mX[0;39m]

  [1;33mLynis Modules[0;39m:
  - Compliance Status      [[1;33m?[0;39m]
  - Security Audit         [[1;32mV[0;39m]
  - Vulnerability Scan     [[1;32mV[0;39m]

  [1;33mFiles[0;39m:
  - Test and debug information      : [1;37m/var/log/lynis.log[0;39m
  - Report data                     : [1;37m/var/log/lynis-report.dat[0;39m

================================================================================

  [1;37mLynis[0;39m 2.5.0

  Auditing, system hardening, and compliance for UNIX-based systems
  (Linux, macOS, BSD, and others)

  2007-2017, CISOfy - https://cisofy.com/lynis/
  [1;37mEnterprise support available (compliance, plugins, interface and tools)[0;39m

================================================================================

  [0;44m[TIP][0;39m: [0;94mEnhance Lynis audits by adding your settings to custom.prf (see /usr/local/lynis/default.prf for all settings)[0;39m


[ Lynis 2.5.0 ]

################################################################################
  Lynis comes with ABSOLUTELY NO WARRANTY. This is free software, and you are
  welcome to redistribute it under the terms of the GNU General Public License.
  See the LICENSE file for details about using this software.

  2007-2017, CISOfy - https://cisofy.com/lynis/
  Enterprise support available (compliance, plugins, interface and tools)
################################################################################


[+] Initializing program
------------------------------------
- Detecting OS...  [ DONE ]
- Checking profiles... [ DONE ]

  ---------------------------------------------------
  Program version:           2.5.0
  Operating system:          Linux
  Operating system name:     Ubuntu Linux
  Operating system version:  16.04
  Kernel version:            4.4.0
  Hardware platform:         x86_64
  Hostname:                  ubuntu-xenial
  ---------------------------------------------------
  Profiles:                  /usr/local/lynis/default.prf
  Log file:                  /var/log/lynis.log
  Report file:               /var/log/lynis-report.dat
  Report version:            1.0
  Plugin directory:          /usr/local/lynis/plugins
  ---------------------------------------------------
  Auditor:                   [Not Specified]
  Test category:             all
  Test group:                all
  ---------------------------------------------------
- Program update status...  [ NO UPDATE ]

[+] System Tools
------------------------------------
- Scanning available tools...
- Checking system binaries...

[+] Plugins (phase 1)
------------------------------------
Note: plugins have more extensive tests and may take several minutes to complete
 
- Plugin: pam
- Plugin: systemd

[+] Boot and services
------------------------------------
- Service Manager [ systemd ]
- Checking UEFI boot [ DISABLED ]
- Checking presence GRUB [ OK ]
- Checking presence GRUB2 [ FOUND ]
- Checking for password protection [ WARNING ]
- Check running services (systemctl) [ DONE ]
Result: found 21 running services
- Check enabled services at boot (systemctl) [ DONE ]
Result: found 31 enabled services
- Check startup files (permissions) [ OK ]

[+] Kernel
------------------------------------
- Checking default run level [ RUNLEVEL 5 ]
- Checking CPU support (NX/PAE)
CPU support: PAE and/or NoeXecute supported [ FOUND ]
- Checking kernel version and release [ DONE ]
- Checking kernel type [ DONE ]
- Checking loaded kernel modules [ DONE ]
Found 53 active modules
- Checking Linux kernel configuration file [ FOUND ]
- Checking default I/O kernel scheduler [ FOUND ]
- Checking for available kernel update [ OK ]
- Checking core dumps configuration [ DISABLED ]
- Checking setuid core dumps configuration [ PROTECTED ]
- Check if reboot is needed [ NO ]

[+] Memory and Processes
------------------------------------
- Checking /proc/meminfo [ FOUND ]
- Searching for dead/zombie processes [ OK ]
- Searching for IO waiting processes [ OK ]

[+] Users, Groups and Authentication
------------------------------------
- Administrator accounts [ OK ]
- Unique UIDs [ OK ]
- Consistency of group files (grpck) [ OK ]
- Unique group IDs [ OK ]
- Unique group names [ OK ]
- Password file consistency [ OK ]
- Query system users (non daemons) [ DONE ]
- NIS+ authentication support [ NOT ENABLED ]
- NIS authentication support [ NOT ENABLED ]
- sudoers file [ FOUND ]
- Check sudoers file permissions [ OK ]
- PAM password strength tools [ SUGGESTION ]
- PAM configuration files (pam.conf) [ FOUND ]
- PAM configuration files (pam.d) [ FOUND ]
- PAM modules [ FOUND ]
- LDAP module in PAM [ NOT FOUND ]
- Accounts without expire date [ OK ]
- Accounts without password [ OK ]
- Checking user password aging (minimum) [ DISABLED ]
- User password aging (maximum) [ DISABLED ]
- Checking expired passwords [ OK ]
- Checking Linux single user mode authentication [ OK ]
- Determining default umask
- umask (/etc/profile) [ NOT FOUND ]
- umask (/etc/login.defs) [ SUGGESTION ]
- umask (/etc/init.d/rc) [ SUGGESTION ]
- LDAP authentication support [ NOT ENABLED ]
- Logging failed login attempts [ ENABLED ]

[+] Shells
------------------------------------
- Checking shells from /etc/shells
Result: found 6 shells (valid shells: 6).
- Session timeout settings/tools [ NONE ]
- Checking default umask values
- Checking default umask in /etc/bash.bashrc [ NONE ]
- Checking default umask in /etc/profile [ NONE ]

[+] File systems
------------------------------------
- Checking mount points
- Checking /home mount point [ SUGGESTION ]
- Checking /tmp mount point [ SUGGESTION ]
- Checking /var mount point [ OK ]
- Query swap partitions (fstab) [ NONE ]
- Testing swap partitions [ OK ]
- Testing /proc mount (hidepid) [ SUGGESTION ]
- Checking for old files in /tmp [ OK ]
- Checking /tmp sticky bit [ OK ]
- ACL support root file system [ ENABLED ]
- Mount options of / [ OK ]
- Checking Locate database [ FOUND ]
- Disable kernel support of some filesystems
- Discovered kernel modules: udf 

[+] Storage
------------------------------------
- Checking usb-storage driver (modprobe config) [ NOT DISABLED ]
- Checking USB devices authorization [ DISABLED ]
- Checking firewire ohci driver (modprobe config) [ DISABLED ]

[+] NFS
------------------------------------
- Check running NFS daemon [ NOT FOUND ]

[+] Name services
------------------------------------
- Checking search domains [ FOUND ]
- Searching DNS domain name [ FOUND ]
Domain name: localdomain
- Checking /etc/hosts
- Checking /etc/hosts (duplicates) [ OK ]
- Checking /etc/hosts (hostname) [ OK ]
- Checking /etc/hosts (localhost) [ OK ]
- Checking /etc/hosts (localhost to IP) [ OK ]

[+] Ports and packages
------------------------------------
- Searching package managers
- Searching dpkg package manager [ FOUND ]
- Querying package manager
- Query unpurged packages [ NONE ]
- Checking security repository in sources.list file [ OK ]
- Checking APT package database [ OK ]
- Checking vulnerable packages [ WARNING ]
- Checking upgradeable packages [ SKIPPED ]
- Checking package audit tool [ INSTALLED ]
Found: apt-get

[+] Networking
------------------------------------
- Checking IPv6 configuration [ ENABLED ]
Configuration method [ AUTO ]
IPv6 only [ NO ]
- Checking configured nameservers
- Testing nameservers
Nameserver: 10.0.2.3 [ OK ]
- Minimal of 2 responsive nameservers [ WARNING ]
- Checking default gateway [ DONE ]
- Getting listening ports (TCP/UDP) [ DONE ]
* Found 3 ports
- Checking promiscuous interfaces [ OK ]
- Checking waiting connections [ OK ]
- Checking status DHCP client [ RUNNING ]
- Checking for ARP monitoring software [ NOT FOUND ]

[+] Printers and Spools
------------------------------------
- Checking cups daemon [ NOT FOUND ]
- Checking lp daemon [ NOT RUNNING ]

[+] Software: e-mail and messaging
------------------------------------

[+] Software: firewalls
------------------------------------
- Checking iptables kernel module [ NOT FOUND ]
- Checking host based firewall [ NOT ACTIVE ]

[+] Software: webserver
------------------------------------
- Checking Apache [ NOT FOUND ]
- Checking nginx [ NOT FOUND ]

[+] SSH Support
------------------------------------
- Checking running SSH daemon [ FOUND ]
- Searching SSH configuration [ FOUND ]
- SSH option: AllowTcpForwarding [ OK ]
- SSH option: ClientAliveCountMax [ OK ]
- SSH option: ClientAliveInterval [ OK ]
- SSH option: Compression [ OK ]
- SSH option: FingerprintHash [ OK ]
- SSH option: GatewayPorts [ OK ]
- SSH option: IgnoreRhosts [ OK ]
- SSH option: LoginGraceTime [ OK ]
- SSH option: LogLevel [ OK ]
- SSH option: MaxAuthTries [ OK ]
- SSH option: MaxSessions [ OK ]
- SSH option: PermitRootLogin [ OK ]
- SSH option: PermitUserEnvironment [ OK ]
- SSH option: PermitTunnel [ OK ]
- SSH option: Port [ SUGGESTION ]
- SSH option: PrintLastLog [ OK ]
- SSH option: Protocol [ OK ]
- SSH option: StrictModes [ OK ]
- SSH option: TCPKeepAlive [ SUGGESTION ]
- SSH option: UseDNS [ OK ]
- SSH option: UsePrivilegeSeparation [ OK ]
- SSH option: VerifyReverseMapping [ NOT FOUND ]
- SSH option: X11Forwarding [ OK ]
- SSH option: AllowAgentForwarding [ OK ]
- SSH option: AllowUsers [ FOUND ]
- SSH option: AllowGroups [ NOT FOUND ]

[+] SNMP Support
------------------------------------
- Checking running SNMP daemon [ NOT FOUND ]

[+] Databases
------------------------------------
No database engines found

[+] LDAP Services
------------------------------------
- Checking OpenLDAP instance [ NOT FOUND ]

[+] PHP
------------------------------------
- Checking PHP [ NOT FOUND ]

[+] Squid Support
------------------------------------
- Checking running Squid daemon [ NOT FOUND ]

[+] Logging and files
------------------------------------
- Checking for a running log daemon [ OK ]
- Checking Syslog-NG status [ NOT FOUND ]
- Checking systemd journal status [ FOUND ]
- Checking Metalog status [ NOT FOUND ]
- Checking RSyslog status [ FOUND ]
- Checking RFC 3195 daemon status [ NOT FOUND ]
- Checking minilogd instances [ NOT FOUND ]
- Checking logrotate presence [ OK ]
- Checking log directories (static list) [ DONE ]
- Checking open log files [ DONE ]
- Checking deleted files in use [ DONE ]

[+] Insecure services
------------------------------------
- Checking inetd status [ NOT ACTIVE ]

[+] Banners and identification
------------------------------------
- /etc/issue [ FOUND ]
- /etc/issue contents [ WEAK ]
- /etc/issue.net [ FOUND ]
- /etc/issue.net contents [ WEAK ]

[+] Scheduled tasks
------------------------------------
- Checking crontab/cronjob [ DONE ]
- Checking atd status [ RUNNING ]
- Checking at users [ DONE ]
- Checking at jobs [ NONE ]

[+] Accounting
------------------------------------
- Checking accounting information [ NOT FOUND ]
- Checking sysstat accounting data [ NOT FOUND ]
- Checking auditd [ NOT FOUND ]

[+] Time and Synchronization
------------------------------------

[+] Cryptography
------------------------------------
- Checking for expired SSL certificates [ NONE ]

[+] Virtualization
------------------------------------

[+] Containers
------------------------------------

[+] Security frameworks
------------------------------------
- Checking presence AppArmor [ FOUND ]
- Checking AppArmor status [ ENABLED ]
- Checking presence SELinux [ NOT FOUND ]
- Checking presence grsecurity [ NOT FOUND ]
- Checking for implemented MAC framework [ OK ]

[+] Software: file integrity
------------------------------------
- Checking file integrity tools
- Checking presence integrity tool [ NOT FOUND ]

[+] Software: System tooling
------------------------------------
- Checking automation tooling
- Automation tooling [ NOT FOUND ]
- Checking for IDS/IPS tooling [ NONE ]

[+] Software: Malware
------------------------------------

[+] File Permissions
------------------------------------
- Starting file permissions check
/root/.ssh [ OK ]

[+] Home directories
------------------------------------
- Checking shell history files [ OK ]

[+] Kernel Hardening
------------------------------------
- Comparing sysctl key pairs with scan profile
- kernel.core_uses_pid (exp: 1) [ DIFFERENT ]
- kernel.ctrl-alt-del (exp: 0) [ OK ]
- kernel.kptr_restrict (exp: 2) [ DIFFERENT ]
- kernel.randomize_va_space (exp: 2) [ OK ]
- kernel.sysrq (exp: 0) [ DIFFERENT ]
- net.ipv4.conf.all.accept_redirects (exp: 0) [ DIFFERENT ]
- net.ipv4.conf.all.accept_source_route (exp: 0) [ OK ]
- net.ipv4.conf.all.bootp_relay (exp: 0) [ OK ]
- net.ipv4.conf.all.forwarding (exp: 0) [ OK ]
- net.ipv4.conf.all.log_martians (exp: 1) [ DIFFERENT ]
- net.ipv4.conf.all.mc_forwarding (exp: 0) [ OK ]
- net.ipv4.conf.all.proxy_arp (exp: 0) [ OK ]
- net.ipv4.conf.all.rp_filter (exp: 1) [ OK ]
- net.ipv4.conf.all.send_redirects (exp: 0) [ DIFFERENT ]
- net.ipv4.conf.default.accept_redirects (exp: 0) [ DIFFERENT ]
- net.ipv4.conf.default.accept_source_route (exp: 0) [ DIFFERENT ]
- net.ipv4.conf.default.log_martians (exp: 1) [ DIFFERENT ]
- net.ipv4.icmp_echo_ignore_broadcasts (exp: 1) [ OK ]
- net.ipv4.icmp_ignore_bogus_error_responses (exp: 1) [ OK ]
- net.ipv4.tcp_syncookies (exp: 1) [ OK ]
- net.ipv4.tcp_timestamps (exp: 0) [ DIFFERENT ]
- net.ipv6.conf.all.accept_redirects (exp: 0) [ DIFFERENT ]
- net.ipv6.conf.all.accept_source_route (exp: 0) [ OK ]
- net.ipv6.conf.default.accept_redirects (exp: 0) [ DIFFERENT ]
- net.ipv6.conf.default.accept_source_route (exp: 0) [ OK ]

[+] Hardening
------------------------------------
- Installed compiler(s) [ NOT FOUND ]
- Installed malware scanner [ NOT FOUND ]
- Installed malware scanner [ NOT FOUND ]

[+] Custom Tests
------------------------------------
- Running custom tests...  [ NONE ]

[+] Plugins (phase 2)
------------------------------------
- Plugins (phase 2) [ DONE ]

================================================================================

  -[ Lynis 2.5.0 Results ]-

  Warnings (2):
  ----------------------------
  ! Found one or more vulnerable packages. [PKGS-7392] 
      https://cisofy.com/controls/PKGS-7392/

  ! Couldn't find 2 responsive nameservers [NETW-2705] 
      https://cisofy.com/controls/NETW-2705/

  Suggestions (26):
  ----------------------------
  * Set a password on GRUB bootloader to prevent altering boot configuration (e.g. boot in single user mode without password) [BOOT-5122] 
      https://cisofy.com/controls/BOOT-5122/

  * Install a PAM module for password strength testing like pam_cracklib or pam_passwdqc [AUTH-9262] 
      https://cisofy.com/controls/AUTH-9262/

  * Configure minimum password age in /etc/login.defs [AUTH-9286] 
      https://cisofy.com/controls/AUTH-9286/

  * Configure maximum password age in /etc/login.defs [AUTH-9286] 
      https://cisofy.com/controls/AUTH-9286/

  * Default umask in /etc/login.defs could be more strict like 027 [AUTH-9328] 
      https://cisofy.com/controls/AUTH-9328/

  * Default umask in /etc/init.d/rc could be more strict like 027 [AUTH-9328] 
      https://cisofy.com/controls/AUTH-9328/

  * To decrease the impact of a full /home file system, place /home on a separated partition [FILE-6310] 
      https://cisofy.com/controls/FILE-6310/

  * To decrease the impact of a full /tmp file system, place /tmp on a separated partition [FILE-6310] 
      https://cisofy.com/controls/FILE-6310/

  * Disable drivers like USB storage when not used, to prevent unauthorized storage or data theft [STRG-1840] 
      https://cisofy.com/controls/STRG-1840/

  * Install debsums utility for the verification of packages with known good database. [PKGS-7370] 
      https://cisofy.com/controls/PKGS-7370/

  * Update your system with apt-get update, apt-get upgrade, apt-get dist-upgrade and/or unattended-upgrades [PKGS-7392] 
      https://cisofy.com/controls/PKGS-7392/

  * Install package apt-show-versions for patch management purposes [PKGS-7394] 
      https://cisofy.com/controls/PKGS-7394/

  * Check your resolv.conf file and fill in a backup nameserver if possible [NETW-2705] 
      https://cisofy.com/controls/NETW-2705/

  * Consider running ARP monitoring software (arpwatch,arpon) [NETW-3032] 
      https://cisofy.com/controls/NETW-3032/

  * Configure a firewall/packet filter to filter incoming and outgoing traffic [FIRE-4590] 
      https://cisofy.com/controls/FIRE-4590/

  * Consider hardening SSH configuration [SSH-7408] 
    - Details  : Port (22 --> )
      https://cisofy.com/controls/SSH-7408/

  * Consider hardening SSH configuration [SSH-7408] 
    - Details  : TCPKeepAlive (YES --> NO)
      https://cisofy.com/controls/SSH-7408/

  * Add a legal banner to /etc/issue, to warn unauthorized users [BANN-7126] 
      https://cisofy.com/controls/BANN-7126/

  * Add legal banner to /etc/issue.net, to warn unauthorized users [BANN-7130] 
      https://cisofy.com/controls/BANN-7130/

  * Enable process accounting [ACCT-9622] 
      https://cisofy.com/controls/ACCT-9622/

  * Enable sysstat to collect accounting (no results) [ACCT-9626] 
      https://cisofy.com/controls/ACCT-9626/

  * Enable auditd to collect audit information [ACCT-9628] 
      https://cisofy.com/controls/ACCT-9628/

  * Install a file integrity tool to monitor changes to critical and sensitive files [FINT-4350] 
      https://cisofy.com/controls/FINT-4350/

  * Determine if automation tools are present for system management [TOOL-5002] 
      https://cisofy.com/controls/TOOL-5002/

  * One or more sysctl values differ from the scan profile and could be tweaked [KRNL-6000] 
      https://cisofy.com/controls/KRNL-6000/

  * Harden the system by installing at least one malware scanner, to perform periodic file system scans [HRDN-7230] 
    - Solution : Install a tool like rkhunter, chkrootkit, OSSEC
      https://cisofy.com/controls/HRDN-7230/

  Follow-up:
  ----------------------------
  - Show details of a test (lynis show details TEST-ID)
  - Check the logfile for all details (less /var/log/lynis.log)
  - Read security controls texts (https://cisofy.com)
  - Use --upload to upload data to central system (Lynis Enterprise users)

================================================================================

  Lynis security scan details:

  Hardening index : 69 [#############       ]
  Tests performed : 219
  Plugins enabled : 2

  Components:
  - Firewall               [X]
  - Malware scanner        [X]

  Lynis Modules:
  - Compliance Status      [?]
  - Security Audit         [V]
  - Vulnerability Scan     [V]

  Files:
  - Test and debug information      : /var/log/lynis.log
  - Report data                     : /var/log/lynis-report.dat

================================================================================

  Lynis 2.5.0

  Auditing, system hardening, and compliance for UNIX-based systems
  (Linux, macOS, BSD, and others)

  2007-2017, CISOfy - https://cisofy.com/lynis/
  Enterprise support available (compliance, plugins, interface and tools)

================================================================================
  [TIP]: Enhance Lynis audits by adding your settings to custom.prf (see /usr/local/lynis/default.prf for all settings)
